mode: set
github.com/eltonciatto/veloflux/internal/config/config.go:189.41,191.16 2 1
github.com/eltonciatto/veloflux/internal/config/config.go:191.16,193.3 1 1
github.com/eltonciatto/veloflux/internal/config/config.go:195.2,196.51 2 1
github.com/eltonciatto/veloflux/internal/config/config.go:196.51,198.3 1 1
github.com/eltonciatto/veloflux/internal/config/config.go:201.2,201.34 1 1
github.com/eltonciatto/veloflux/internal/config/config.go:201.34,203.3 1 0
github.com/eltonciatto/veloflux/internal/config/config.go:204.2,204.37 1 1
github.com/eltonciatto/veloflux/internal/config/config.go:204.37,206.3 1 1
github.com/eltonciatto/veloflux/internal/config/config.go:207.2,207.37 1 1
github.com/eltonciatto/veloflux/internal/config/config.go:207.37,209.3 1 1
github.com/eltonciatto/veloflux/internal/config/config.go:210.2,210.42 1 1
github.com/eltonciatto/veloflux/internal/config/config.go:210.42,212.3 1 1
github.com/eltonciatto/veloflux/internal/config/config.go:213.2,213.41 1 1
github.com/eltonciatto/veloflux/internal/config/config.go:213.41,215.3 1 1
github.com/eltonciatto/veloflux/internal/config/config.go:216.2,216.41 1 1
github.com/eltonciatto/veloflux/internal/config/config.go:216.41,218.3 1 1
github.com/eltonciatto/veloflux/internal/config/config.go:220.2,220.38 1 1
github.com/eltonciatto/veloflux/internal/config/config.go:220.38,222.3 1 1
github.com/eltonciatto/veloflux/internal/config/config.go:225.2,225.40 1 1
github.com/eltonciatto/veloflux/internal/config/config.go:225.40,227.3 1 1
github.com/eltonciatto/veloflux/internal/config/config.go:228.2,228.36 1 1
github.com/eltonciatto/veloflux/internal/config/config.go:228.36,230.3 1 1
github.com/eltonciatto/veloflux/internal/config/config.go:232.2,232.18 1 1
