mode: set
github.com/eltonciatto/veloflux/internal/geo/geo.go:47.68,55.70 2 1
github.com/eltonciatto/veloflux/internal/geo/geo.go:55.70,59.3 3 1
github.com/eltonciatto/veloflux/internal/geo/geo.go:62.2,63.16 2 1
github.com/eltonciatto/veloflux/internal/geo/geo.go:63.16,67.3 3 1
github.com/eltonciatto/veloflux/internal/geo/geo.go:69.2,73.15 4 0
github.com/eltonciatto/veloflux/internal/geo/geo.go:77.33,78.21 1 1
github.com/eltonciatto/veloflux/internal/geo/geo.go:78.21,79.62 1 1
github.com/eltonciatto/veloflux/internal/geo/geo.go:79.62,81.4 1 1
github.com/eltonciatto/veloflux/internal/geo/geo.go:83.2,83.12 1 1
github.com/eltonciatto/veloflux/internal/geo/geo.go:87.80,96.2 3 1
github.com/eltonciatto/veloflux/internal/geo/geo.go:99.57,104.2 3 1
github.com/eltonciatto/veloflux/internal/geo/geo.go:107.72,108.35 1 1
github.com/eltonciatto/veloflux/internal/geo/geo.go:108.35,110.3 1 1
github.com/eltonciatto/veloflux/internal/geo/geo.go:113.2,115.19 3 1
github.com/eltonciatto/veloflux/internal/geo/geo.go:115.19,117.3 1 1
github.com/eltonciatto/veloflux/internal/geo/geo.go:120.2,121.42 2 1
github.com/eltonciatto/veloflux/internal/geo/geo.go:121.42,124.3 2 1
github.com/eltonciatto/veloflux/internal/geo/geo.go:125.2,129.16 3 1
github.com/eltonciatto/veloflux/internal/geo/geo.go:129.16,131.3 1 1
github.com/eltonciatto/veloflux/internal/geo/geo.go:133.2,144.17 5 1
github.com/eltonciatto/veloflux/internal/geo/geo.go:148.90,149.16 1 1
github.com/eltonciatto/veloflux/internal/geo/geo.go:149.16,151.3 1 1
github.com/eltonciatto/veloflux/internal/geo/geo.go:154.2,155.16 2 1
github.com/eltonciatto/veloflux/internal/geo/geo.go:155.16,157.3 1 1
github.com/eltonciatto/veloflux/internal/geo/geo.go:160.2,160.24 1 1
github.com/eltonciatto/veloflux/internal/geo/geo.go:160.24,162.3 1 1
github.com/eltonciatto/veloflux/internal/geo/geo.go:165.2,165.24 1 1
github.com/eltonciatto/veloflux/internal/geo/geo.go:165.24,167.3 1 1
github.com/eltonciatto/veloflux/internal/geo/geo.go:170.2,179.35 4 1
github.com/eltonciatto/veloflux/internal/geo/geo.go:179.35,181.10 2 1
github.com/eltonciatto/veloflux/internal/geo/geo.go:181.10,183.12 1 1
github.com/eltonciatto/veloflux/internal/geo/geo.go:186.3,191.29 2 1
github.com/eltonciatto/veloflux/internal/geo/geo.go:191.29,194.4 2 1
github.com/eltonciatto/veloflux/internal/geo/geo.go:198.2,198.26 1 1
github.com/eltonciatto/veloflux/internal/geo/geo.go:198.26,200.3 1 1
github.com/eltonciatto/veloflux/internal/geo/geo.go:203.2,203.25 1 1
github.com/eltonciatto/veloflux/internal/geo/geo.go:207.91,208.16 1 1
github.com/eltonciatto/veloflux/internal/geo/geo.go:208.16,210.3 1 1
github.com/eltonciatto/veloflux/internal/geo/geo.go:213.2,214.16 2 1
github.com/eltonciatto/veloflux/internal/geo/geo.go:214.16,216.3 1 1
github.com/eltonciatto/veloflux/internal/geo/geo.go:219.2,219.28 1 1
github.com/eltonciatto/veloflux/internal/geo/geo.go:219.28,221.3 1 1
github.com/eltonciatto/veloflux/internal/geo/geo.go:224.2,229.35 4 1
github.com/eltonciatto/veloflux/internal/geo/geo.go:229.35,231.10 2 1
github.com/eltonciatto/veloflux/internal/geo/geo.go:231.10,232.12 1 0
github.com/eltonciatto/veloflux/internal/geo/geo.go:235.3,235.44 1 1
github.com/eltonciatto/veloflux/internal/geo/geo.go:235.44,237.4 1 1
github.com/eltonciatto/veloflux/internal/geo/geo.go:241.2,241.29 1 1
github.com/eltonciatto/veloflux/internal/geo/geo.go:241.29,243.3 1 1
github.com/eltonciatto/veloflux/internal/geo/geo.go:246.2,246.22 1 1
github.com/eltonciatto/veloflux/internal/geo/geo.go:250.64,269.2 11 1
github.com/eltonciatto/veloflux/internal/geo/geo.go:271.37,273.2 1 1
github.com/eltonciatto/veloflux/internal/geo/geo.go:276.42,279.25 2 1
github.com/eltonciatto/veloflux/internal/geo/geo.go:279.25,282.19 2 1
github.com/eltonciatto/veloflux/internal/geo/geo.go:282.19,284.4 1 1
github.com/eltonciatto/veloflux/internal/geo/geo.go:288.2,289.19 2 1
github.com/eltonciatto/veloflux/internal/geo/geo.go:289.19,291.3 1 1
github.com/eltonciatto/veloflux/internal/geo/geo.go:294.2,295.11 2 1
github.com/eltonciatto/veloflux/internal/geo/geo.go:299.47,301.13 1 1
github.com/eltonciatto/veloflux/internal/geo/geo.go:301.13,303.3 1 1
github.com/eltonciatto/veloflux/internal/geo/geo.go:305.2,307.22 3 1
github.com/eltonciatto/veloflux/internal/geo/geo.go:307.22,308.15 1 1
github.com/eltonciatto/veloflux/internal/geo/geo.go:308.15,311.4 2 1
github.com/eltonciatto/veloflux/internal/geo/geo.go:311.9,313.4 1 1
github.com/eltonciatto/veloflux/internal/geo/geo.go:315.2,315.23 1 1
github.com/eltonciatto/veloflux/internal/geo/geo.go:315.23,317.3 1 1
github.com/eltonciatto/veloflux/internal/geo/geo.go:318.2,318.15 1 1
github.com/eltonciatto/veloflux/internal/geo/geo.go:322.34,324.2 1 1
