mode: set
github.com/eltonciatto/veloflux/internal/middleware/auth.go:9.48,12.71 3 1
github.com/eltonciatto/veloflux/internal/middleware/auth.go:12.71,14.36 2 1
github.com/eltonciatto/veloflux/internal/middleware/auth.go:14.36,18.4 3 1
github.com/eltonciatto/veloflux/internal/middleware/auth.go:19.3,19.23 1 1
github.com/eltonciatto/veloflux/internal/middleware/security.go:12.40,13.30 1 1
github.com/eltonciatto/veloflux/internal/middleware/security.go:13.30,41.42 11 1
github.com/eltonciatto/veloflux/internal/middleware/security.go:41.42,45.4 3 1
github.com/eltonciatto/veloflux/internal/middleware/security.go:47.3,47.11 1 1
github.com/eltonciatto/veloflux/internal/middleware/security.go:52.35,53.30 1 1
github.com/eltonciatto/veloflux/internal/middleware/security.go:53.30,59.46 3 1
github.com/eltonciatto/veloflux/internal/middleware/security.go:59.46,61.4 1 1
github.com/eltonciatto/veloflux/internal/middleware/security.go:63.3,69.36 5 1
github.com/eltonciatto/veloflux/internal/middleware/security.go:69.36,72.4 2 1
github.com/eltonciatto/veloflux/internal/middleware/security.go:74.3,74.11 1 1
github.com/eltonciatto/veloflux/internal/middleware/security.go:79.36,80.30 1 1
github.com/eltonciatto/veloflux/internal/middleware/security.go:80.30,88.10 5 1
github.com/eltonciatto/veloflux/internal/middleware/security.go:89.47,91.29 2 1
github.com/eltonciatto/veloflux/internal/middleware/security.go:92.42,94.24 2 1
github.com/eltonciatto/veloflux/internal/middleware/security.go:95.41,97.24 2 1
github.com/eltonciatto/veloflux/internal/middleware/security.go:98.11,100.24 2 1
github.com/eltonciatto/veloflux/internal/middleware/security.go:103.3,103.53 1 1
github.com/eltonciatto/veloflux/internal/middleware/security.go:103.53,110.4 3 0
github.com/eltonciatto/veloflux/internal/middleware/security.go:112.3,112.11 1 1
github.com/eltonciatto/veloflux/internal/middleware/security.go:117.39,118.30 1 1
github.com/eltonciatto/veloflux/internal/middleware/security.go:118.30,120.45 1 1
github.com/eltonciatto/veloflux/internal/middleware/security.go:120.45,126.4 3 1
github.com/eltonciatto/veloflux/internal/middleware/security.go:129.3,129.53 1 1
github.com/eltonciatto/veloflux/internal/middleware/security.go:129.53,135.4 3 1
github.com/eltonciatto/veloflux/internal/middleware/security.go:137.3,137.11 1 1
github.com/eltonciatto/veloflux/internal/middleware/security.go:142.24,156.2 1 1
github.com/eltonciatto/veloflux/internal/middleware/security.go:158.40,167.43 2 1
github.com/eltonciatto/veloflux/internal/middleware/security.go:167.43,168.41 1 1
github.com/eltonciatto/veloflux/internal/middleware/security.go:168.41,170.4 1 1
github.com/eltonciatto/veloflux/internal/middleware/security.go:172.2,172.14 1 1
github.com/eltonciatto/veloflux/internal/middleware/security.go:175.35,183.2 1 1
github.com/eltonciatto/veloflux/internal/middleware/security.go:185.60,186.18 1 1
github.com/eltonciatto/veloflux/internal/middleware/security.go:186.18,188.3 1 1
github.com/eltonciatto/veloflux/internal/middleware/security.go:190.2,190.40 1 1
github.com/eltonciatto/veloflux/internal/middleware/security.go:190.40,191.30 1 1
github.com/eltonciatto/veloflux/internal/middleware/security.go:191.30,193.4 1 1
github.com/eltonciatto/veloflux/internal/middleware/security.go:195.2,195.14 1 1
github.com/eltonciatto/veloflux/internal/middleware/security.go:198.82,207.2 1 1
github.com/eltonciatto/veloflux/internal/middleware/security.go:209.51,226.45 3 1
github.com/eltonciatto/veloflux/internal/middleware/security.go:226.45,227.43 1 1
github.com/eltonciatto/veloflux/internal/middleware/security.go:227.43,229.4 1 1
github.com/eltonciatto/veloflux/internal/middleware/security.go:231.2,231.14 1 1
