mode: set
github.com/eltonciatto/veloflux/internal/router/router.go:34.97,36.16 2 1
github.com/eltonciatto/veloflux/internal/router/router.go:36.16,38.3 1 1
github.com/eltonciatto/veloflux/internal/router/router.go:40.2,41.36 2 1
github.com/eltonciatto/veloflux/internal/router/router.go:41.36,47.3 1 1
github.com/eltonciatto/veloflux/internal/router/router.go:49.2,60.15 2 1
github.com/eltonciatto/veloflux/internal/router/router.go:60.15,62.3 1 1
github.com/eltonciatto/veloflux/internal/router/router.go:64.2,65.10 2 1
github.com/eltonciatto/veloflux/internal/router/router.go:68.32,70.40 1 1
github.com/eltonciatto/veloflux/internal/router/router.go:70.40,74.29 3 1
github.com/eltonciatto/veloflux/internal/router/router.go:74.29,76.4 1 1
github.com/eltonciatto/veloflux/internal/router/router.go:78.3,78.46 1 1
github.com/eltonciatto/veloflux/internal/router/router.go:82.2,82.64 1 1
github.com/eltonciatto/veloflux/internal/router/router.go:85.61,86.73 1 1
github.com/eltonciatto/veloflux/internal/router/router.go:86.73,93.61 3 1
github.com/eltonciatto/veloflux/internal/router/router.go:93.61,97.4 3 1
github.com/eltonciatto/veloflux/internal/router/router.go:100.3,107.19 5 1
github.com/eltonciatto/veloflux/internal/router/router.go:107.19,109.4 1 0
github.com/eltonciatto/veloflux/internal/router/router.go:110.3,110.21 1 1
github.com/eltonciatto/veloflux/internal/router/router.go:110.21,113.4 2 0
github.com/eltonciatto/veloflux/internal/router/router.go:115.3,125.40 3 1
github.com/eltonciatto/veloflux/internal/router/router.go:129.67,130.73 1 1
github.com/eltonciatto/veloflux/internal/router/router.go:130.73,135.17 4 1
github.com/eltonciatto/veloflux/internal/router/router.go:135.17,139.4 3 1
github.com/eltonciatto/veloflux/internal/router/router.go:142.3,147.17 4 1
github.com/eltonciatto/veloflux/internal/router/router.go:147.17,151.4 3 0
github.com/eltonciatto/veloflux/internal/router/router.go:153.3,156.58 2 1
github.com/eltonciatto/veloflux/internal/router/router.go:156.58,158.36 1 0
github.com/eltonciatto/veloflux/internal/router/router.go:158.36,168.5 2 0
github.com/eltonciatto/veloflux/internal/router/router.go:170.4,170.14 1 0
github.com/eltonciatto/veloflux/internal/router/router.go:173.3,173.82 1 1
github.com/eltonciatto/veloflux/internal/router/router.go:173.82,176.4 2 1
github.com/eltonciatto/veloflux/internal/router/router.go:179.3,183.26 4 1
github.com/eltonciatto/veloflux/internal/router/router.go:187.56,189.57 1 1
github.com/eltonciatto/veloflux/internal/router/router.go:189.57,191.21 2 1
github.com/eltonciatto/veloflux/internal/router/router.go:191.21,192.65 1 1
github.com/eltonciatto/veloflux/internal/router/router.go:192.65,194.5 1 1
github.com/eltonciatto/veloflux/internal/router/router.go:199.2,199.51 1 1
github.com/eltonciatto/veloflux/internal/router/router.go:199.51,200.40 1 1
github.com/eltonciatto/veloflux/internal/router/router.go:200.40,202.4 1 1
github.com/eltonciatto/veloflux/internal/router/router.go:206.2,207.16 2 1
github.com/eltonciatto/veloflux/internal/router/router.go:207.16,209.3 1 0
github.com/eltonciatto/veloflux/internal/router/router.go:210.2,210.26 1 1
github.com/eltonciatto/veloflux/internal/router/router.go:213.57,214.55 1 1
github.com/eltonciatto/veloflux/internal/router/router.go:214.55,216.3 1 1
github.com/eltonciatto/veloflux/internal/router/router.go:217.2,217.11 1 1
github.com/eltonciatto/veloflux/internal/router/router.go:220.54,221.20 1 1
github.com/eltonciatto/veloflux/internal/router/router.go:221.20,223.3 1 1
github.com/eltonciatto/veloflux/internal/router/router.go:224.2,224.68 1 1
github.com/eltonciatto/veloflux/internal/router/router.go:224.68,226.3 1 1
github.com/eltonciatto/veloflux/internal/router/router.go:227.2,227.15 1 1
github.com/eltonciatto/veloflux/internal/router/router.go:230.57,231.38 1 1
github.com/eltonciatto/veloflux/internal/router/router.go:231.38,232.28 1 1
github.com/eltonciatto/veloflux/internal/router/router.go:232.28,234.4 1 1
github.com/eltonciatto/veloflux/internal/router/router.go:236.2,236.14 1 1
github.com/eltonciatto/veloflux/internal/router/router.go:239.45,241.2 1 1
github.com/eltonciatto/veloflux/internal/router/router.go:243.76,245.2 1 1
github.com/eltonciatto/veloflux/internal/router/router.go:247.70,249.2 1 1
github.com/eltonciatto/veloflux/internal/router/router.go:256.49,259.2 2 1
